TN:
SF:src/events/payment.js
FN:2,Payment
FN:6,creditCard
FNF:2
FNH:0
FNDA:0,Payment
FNDA:0,creditCard
DA:1,1
DA:2,1
DA:3,0
DA:4,0
DA:5,1
DA:6,1
DA:7,0
DA:8,0
DA:9,0
DA:10,0
DA:11,0
DA:12,1
LF:12
LH:5
BRF:0
BRH:0
end_of_record
TN:
SF:src/observers/marketing.js
FN:9,update
FNF:1
FNH:0
FNDA:0,update
DA:1,1
DA:2,1
DA:3,1
DA:4,1
DA:5,1
DA:6,1
DA:7,1
DA:8,1
DA:9,1
DA:10,0
DA:11,0
DA:12,1
LF:12
LH:10
BRF:0
BRH:0
end_of_record
TN:
SF:src/observers/shipment.js
FN:2,update
FNF:1
FNH:0
FNDA:0,update
DA:1,1
DA:2,1
DA:3,0
DA:4,0
DA:5,1
LF:5
LH:3
BRF:0
BRH:0
end_of_record
TN:
SF:src/subjects/paymentSubject.js
FN:1,<instance_members_initializer>
FN:4,notify
FN:8,unsubscribe
FN:12,subscribe
FNF:4
FNH:4
FNDA:2,<instance_members_initializer>
FNDA:2,notify
FNDA:1,unsubscribe
FNDA:2,subscribe
DA:1,1
DA:2,2
DA:3,2
DA:4,2
DA:5,2
DA:6,2
DA:7,2
DA:8,2
DA:9,1
DA:10,1
DA:11,2
DA:12,2
DA:13,2
DA:14,2
DA:15,2
LF:15
LH:15
BRDA:1,0,0,2
BRDA:4,1,0,2
BRDA:5,2,0,1
BRDA:8,3,0,1
BRDA:12,4,0,2
BRF:5
BRH:5
end_of_record
